[Bootstrap]
SetupTitle=Install
SetupText=Copying Files, please stand by.
CabFile=sap2.CAB
Spawn=Setup1.exe
Uninstal=st6unst.exe
TmpDir=msftqws.pdw
Cabs=1

[Bootstrap Files]
File1=@VB6STKIT.DLL,$(WinSysPathSysFile),,,6-18-98 12:00:00 AM,102912,6.0.81.69
File2=@COMCAT.DLL,$(WinSysPathSysFile),$(DLLSelfRegister),,5-31-98 12:00:00 AM,22288,4.71.1460.1
File3=@MSVCRT40.DLL,$(WinSysPathSysFile),,,5-31-98 12:00:00 AM,326656,4.21.0.0
File4=@stdole2.tlb,$(WinSysPathSysFile),$(TLBRegister),,11-2-06 12:59:16 PM,16896,6.0.6000.16386
File5=@asycfilt.dll,$(WinSysPathSysFile),,,11-2-06 3:16:02 PM,66560,6.0.6000.16386
File6=@olepro32.dll,$(WinSysPathSysFile),$(DLLSelfRegister),,1-21-08 8:03:12 AM,88576,6.0.6001.18000
File7=@oleaut32.dll,$(WinSysPathSysFile),$(DLLSelfRegister),,1-21-08 8:04:50 AM,563200,6.0.6001.18000
File8=@msvbvm60.dll,$(WinSysPathSysFile),$(DLLSelfRegister),,1-21-08 8:03:49 AM,1386496,6.0.98.2

[IconGroups]
Group0=Surge Analysis Program Version 2
PrivateGroup0=True
Parent0=$(Programs)

[Surge Analysis Program Version 2]
Icon1="sap2.exe"
Title1=Surge Analysis Program Version 2
StartIn1=$(AppPath)

[Setup]
Title=Surge Analysis Program Version 2R
DefaultDir=$(ProgramFiles)\Sap2
AppExe=sap2.exe
AppToUninstall=sap2.exe

[Setup1 Files]
File1=@sap2.xls,$(AppPath),,$(Shared),4-26-09 3:05:58 PM,158208,0.0.0.0
File2=@MSEXCL35.DLL,$(WinSysPathSysFile),$(DLLSelfRegister),,4-24-98 12:00:00 AM,250128,3.51.623.2
File3=@msstdfmt.dll,$(WinSysPath),$(DLLSelfRegister),$(Shared),4-4-00 4:05:58 AM,118784,6.0.88.4
File4=@MSDBRPTR.DLL,$(WinSysPath),$(DLLSelfRegister),$(Shared),6-18-98 12:00:00 AM,299008,6.0.81.69
File5=@MSCOMCTL.OCX,$(WinSysPath),$(DLLSelfRegister),$(Shared),12-20-02 2:02:44 PM,1077336,6.1.95.45
File6=@comdlg32.ocx,$(WinSysPath),$(DLLSelfRegister),$(Shared),5-23-00 12:58:00 AM,140488,6.0.84.18
File7=@msflxgrd.ocx,$(WinSysPath),$(DLLSelfRegister),$(Shared),11-12-00 1:58:00 PM,250883,6.0.84.18
File8=@VB5DB.DLL,$(WinSysPath),,$(Shared),6-18-98 12:00:00 AM,89360,6.0.81.69
File9=@MSREPL35.DLL,$(WinSysPathSysFile),,,4-24-98 12:00:00 AM,407312,3.51.623.0
File10=@MSRD2X35.DLL,$(WinSysPathSysFile),$(DLLSelfRegister),,4-24-98 12:00:00 AM,252176,3.51.623.0
File11=@expsrv.dll,$(WinSysPathSysFile),,,11-2-06 3:16:04 PM,380957,6.0.72.9589
File12=@vbajet32.dll,$(WinSysPathSysFile),,,11-2-06 3:16:13 PM,30749,6.0.1.9431
File13=@MSJINT35.DLL,$(WinSysPathSysFile),,,4-24-98 12:00:00 AM,123664,3.51.623.0
File14=@MSJTER35.DLL,$(WinSysPathSysFile),,,4-24-98 12:00:00 AM,24848,3.51.623.0
File15=@MSJET35.DLL,$(WinSysPathSysFile),$(DLLSelfRegister),,4-24-98 12:00:00 AM,1045776,3.51.623.4
File16=@DAO350.DLL,$(MSDAOPath),$(DLLSelfRegister),$(Shared),4-27-98 12:00:00 AM,570128,3.51.1608.0
File17=@pumpch.dll,$(AppPath),,$(Shared),7-22-00 10:29:36 AM,159232,0.0.0.0
File18=@sap2.exe,$(AppPath),,$(Shared),11-28-09 7:50:57 PM,1007616,1.0.0.0

; The following lines may be deleted in order to obtain extra 
; space for customizing this file on a full installation diskette.
; 
; XXXXXXXXXXXXXXXXXXXXXXXXXXXXXXXXXXXXXXXXXXXXXXXXXXXXXXXXXXXX
; XXXXXXXXXXXXXXXXXXXXXXXXXXXXXXXXXXXXXXXXXXXXXXXXXXXXXXXXXXXX
; XXXXXXXXXXXXXXXXXXXXXXXXXXXXXXXXXXXXXXXXXXXXXXXXXXXXXXXXXXXX
; XXXXXXXXXXXXXXXXXXXXXXXXXXXXXXXXXXXXXXXXXXXXXXXXXXXXXXXXXXXX
; XXXXXXXXXXXXXXXXXXXXXXXXXXXXXXXXXXXXXXXXXXXXXXXXXXXXXXXXXXXX
; XXXXXXXXXXXXXXXXXXXXXXXXXXXXXXXXXXXXXXXXXXXXXXXXXXXXXXXXXXXX
; XXXXXXXXXXXXXXXXXXXXXXXXXXXXXXXXXXXXXXXXXXXXXXXXXXXXXXXXXXXX
; XXXXXXXXXXXXXXXXXXXXXXXXXXXXXXXXXXXXXXXXXXXXXXXXXXXXXXXXXXXX
; XXXXXXXXXXXXXXXXXXXXXXXXXXXXXXXXXXXXXXXXXXXXXXXXXXXXXXXXXXXX
; XXXXXXXXXXXXXXXXXXXXXXXXXXXXXXXXXXXXXXXXXXXXXXXXXXXXXXXXXXXX
; XXXXXXXXXXXXXXXXXXXXXXXXXXXXXXXXXXXXXXXXXXXXXXXXXXXXXXXXXXXX
; XXXXXXXXXXXXXXXXXXXXXXXXXXXXXXXXXXXXXXXXXXXXXXXXXXXXXXXXXXXX
; XXXXXXXXXXXXXXXXXXXXXXXXXXXXXXXXXXXXXXXXXXXXXXXXXXXXXXXXXXXX
; XXXXXXXXXXXXXXXXXXXXXXXXXXXXXXXXXXXXXXXXXXXXXXXXXXXXXXXXXXXX
; XXXXXXXXXXXXXXXXXXXXXXXXXXXXXXXXXXXXXXXXXXXXXXXXXXXXXXXXXXXX
; XXXXXXXXXXXXXXXXXXXXXXXXXXXXXXXXXXXXXXXXXXXXXXXXXXXXXXXXXXXX
; XXXXXXXXXXXXXXXXXXXXXXXXXXXXXXXXXXXXXXXXXXXXXXXXXXXXXXXXXXXX
; XXXXXXXXXXXXXXXXXXXXXXXXXXXXXXXXXXXXXXXXXXXXXXXXXXXXXXXXXXXX
; XXXXXXXXXXXXXXXXXXXXXXXXXXXXXXXXXXXXXXXXXXXXXXXXXXXXXXXXXXXX
; XXXXXXXXXXXXXXXXXXXXXXXXXXXXXXXXXXXXXXXXXXXXXXXXXXXXXXXXXXXX
; XXXXXXXXXXXXXXXXXXXXXXXXXXXXXXXXXXXXXXXXXXXXXXXXXXXXXXXXXXXX
; XXXXXXXXXXXXXXXXXXXXXXXXXXXXXXXXXXXXXXXXXXXXXXXXXXXXXXXXXXXX
; XXXXXXXXXXXXXXXXXXXXXXXXXXXXXXXXXXXXXXXXXXXXXXXXXXXXXXXXXXXX
; XXXXXXXXXXXXXXXXXXXXXXXXXXXXXXXXXXXXXXXXXXXXXXXXXXXXXXXXXXXX
; XXXXXXXXXXXXXXXXXXXXXXXXXXXXXXXXXXXXXXXXXXXXXXXXXXXXXXXXXXXX
; XXXXXXXXXXXXXXXXXXXXXXXXXXXXXXXXXXXXXXXXXXXXXXXXXXXXXXXXXXXX
; XXXXXXXXXXXXXXXXXXXXXXXXXXXXXXXXXXXXXXXXXXXXXXXXXXXXXXXXXXXX
; XXXXXXXXXXXXXXXXXXXXXXXXXXXXXXXXXXXXXXXXXXXXXXXXXXXXXXXXXXXX
; XXXXXXXXXXXXXXXXXXXXXXXXXXXXXXXXXXXXXXXXXXXXXXXXXXXXXXXXXXXX
; XXXXXXXXXXXXXXXXXXXXXXXXXXXXXXXXXXXXXXXXXXXXXXXXXXXXXXXXXXXX
; XXXXXXXXXXXXXXXXXXXXXXXXXXXXXXXXXXXXXXXXXXXXXXXXXXXXXXXXXXXX
; XXXXXXXXXXXXXXXXXXXXXXXXXXXXXXXXXXXXXXXXXXXXXXXXXXXXXXXXXXXX
; XXXXXXXXXXXXXXXXXXXXXXXXXXXXXXXXXXXXXXXXXXXXXXXXXXXXXXXXXXXX
; XXXXXXXXXXXXXXXXXXXXXXXXXXXXXXXXXXXXXXXXXXXXXXXXXXXXXXXXXXXX
; XXXXXXXXXXXXXXXXXXXXXXXXXXXXXXXXXXXXXXXXXXXXXXXXXXXXXXXXXXXX
